<?xml version="1.0" encoding="UTF-8"?>
<robot generator="Robot 7.2.2 (Python 3.12.10 on linux)" generated="2025-05-24T22:14:26.282084" rpa="false" schemaversion="5">
<suite id="s1" name="Robotframework-Webdialogs" source="/workspaces/robotframework-webdialogs">
<suite id="s1-s1" name="Example" source="/workspaces/robotframework-webdialogs/example">
<suite id="s1-s1-s1" name="Test" source="/workspaces/robotframework-webdialogs/example/test">
<suite id="s1-s1-s1-s1" name="Main" source="/workspaces/robotframework-webdialogs/example/test/main.robot">
<test id="s1-s1-s1-s1-t1" name="Get User Personal Information" line="12">
<kw name="Get Value From User" owner="Dialogs">
<msg time="2025-05-24T22:14:49.261036" level="INFO">{'message': 'Please enter your first name:'}</msg>
<msg time="2025-05-24T22:14:49.261393" level="INFO">${name} = asd</msg>
<var>${name}</var>
<arg>Please enter your first name:</arg>
<status status="PASS" start="2025-05-24T22:14:27.552550" elapsed="21.709244"/>
</kw>
<kw name="Log To Console" owner="BuiltIn">
<arg>User provided name: ${name}</arg>
<doc>Logs the given message to the console.</doc>
<status status="PASS" start="2025-05-24T22:14:49.262513" elapsed="0.000517"/>
</kw>
<kw name="Get Value From User" owner="Dialogs">
<msg time="2025-05-24T22:14:52.794473" level="INFO">{'message': 'Please enter your last name:'}</msg>
<msg time="2025-05-24T22:14:52.794761" level="INFO">${lastname} = ABC</msg>
<var>${lastname}</var>
<arg>Please enter your last name:</arg>
<status status="PASS" start="2025-05-24T22:14:49.263247" elapsed="3.531913"/>
</kw>
<kw name="Log To Console" owner="BuiltIn">
<arg>User provided last name: ${lastname}</arg>
<doc>Logs the given message to the console.</doc>
<status status="PASS" start="2025-05-24T22:14:52.795665" elapsed="0.000441"/>
</kw>
<doc>Collects basic personal information through dialogs</doc>
<timeout value="2 minutes"/>
<status status="PASS" start="2025-05-24T22:14:27.550942" elapsed="25.245398"/>
</test>
<test id="s1-s1-s1-s1-t2" name="Select Gender From Options" line="20">
<kw name="Create List" owner="BuiltIn">
<msg time="2025-05-24T22:14:52.798193" level="INFO">@{genders} = [ Male | Female | Non-binary | Prefer not to say ]</msg>
<var>@{genders}</var>
<arg>Male</arg>
<arg>Female</arg>
<arg>Non-binary</arg>
<arg>Prefer not to say</arg>
<doc>Returns a list containing given items.</doc>
<status status="PASS" start="2025-05-24T22:14:52.797718" elapsed="0.000604"/>
</kw>
<kw name="Get Selection From User" owner="Dialogs">
<msg time="2025-05-24T22:15:09.962689" level="INFO">{'message': 'Please select your gender:', 'options': ['Male', 'Female', 'Non-binary', 'Prefer not to say']}</msg>
<msg time="2025-05-24T22:15:09.962950" level="INFO">${gender} = Female</msg>
<var>${gender}</var>
<arg>Please select your gender:</arg>
<arg>options=${genders}</arg>
<status status="PASS" start="2025-05-24T22:14:52.798598" elapsed="17.164444"/>
</kw>
<kw name="Log To Console" owner="BuiltIn">
<arg>Selected gender: ${gender}</arg>
<doc>Logs the given message to the console.</doc>
<status status="PASS" start="2025-05-24T22:15:09.963340" elapsed="0.000618"/>
</kw>
<doc>Demonstrates single-selection dialog</doc>
<timeout value="2 minutes"/>
<status status="PASS" start="2025-05-24T22:14:52.796879" elapsed="17.167304"/>
</test>
<test id="s1-s1-s1-s1-t3" name="Select Multiple Favorite Animals" line="28">
<kw name="Create List" owner="BuiltIn">
<msg time="2025-05-24T22:15:09.965734" level="INFO">@{animals} = [ Cats | Dogs | Horses | Birds | Fish ]</msg>
<var>@{animals}</var>
<arg>Cats</arg>
<arg>Dogs</arg>
<arg>Horses</arg>
<arg>Birds</arg>
<arg>Fish</arg>
<doc>Returns a list containing given items.</doc>
<status status="PASS" start="2025-05-24T22:15:09.965404" elapsed="0.000433"/>
</kw>
<kw name="Get Selections From User" owner="Dialogs">
<msg time="2025-05-24T22:15:16.028774" level="INFO">{'message': 'Select your favorite animals:', 'options': ['Cats', 'Dogs', 'Horses', 'Birds', 'Fish']}</msg>
<msg time="2025-05-24T22:15:16.029040" level="INFO">${selected_animals} = ['Dogs', 'Horses', 'Birds']</msg>
<var>${selected_animals}</var>
<arg>Select your favorite animals:</arg>
<arg>options=${animals}</arg>
<status status="PASS" start="2025-05-24T22:15:09.966058" elapsed="6.063084"/>
</kw>
<kw name="Should Not Be Empty" owner="BuiltIn">
<msg time="2025-05-24T22:15:16.029979" level="INFO">Length is 3.</msg>
<arg>${selected_animals}</arg>
<arg>No animals selected</arg>
<doc>Verifies that the given item is not empty.</doc>
<status status="PASS" start="2025-05-24T22:15:16.029489" elapsed="0.000735"/>
</kw>
<kw name="Log To Console" owner="BuiltIn">
<arg>Favorite animals: ${selected_animals}</arg>
<doc>Logs the given message to the console.</doc>
<status status="PASS" start="2025-05-24T22:15:16.030595" elapsed="0.000411"/>
</kw>
<doc>Demonstrates multi-selection dialog with validation</doc>
<timeout value="2 minutes"/>
<status status="PASS" start="2025-05-24T22:15:09.964824" elapsed="6.066384"/>
</test>
<test id="s1-s1-s1-s1-t4" name="Manual Verification Step" line="38">
<kw name="Execute Manual Step" owner="Dialogs">
<msg time="2025-05-24T22:15:19.564174" level="INFO">{'message': 'Please verify the device connection'}</msg>
<msg time="2025-05-24T22:15:19.564411" level="INFO">${verification_result} = PASS</msg>
<var>${verification_result}</var>
<arg>Please verify the device connection</arg>
<status status="PASS" start="2025-05-24T22:15:16.032472" elapsed="3.532030"/>
</kw>
<kw name="Log To Console" owner="BuiltIn">
<arg>Verification result: ${verification_result}</arg>
<doc>Logs the given message to the console.</doc>
<status status="PASS" start="2025-05-24T22:15:19.564847" elapsed="0.000451"/>
</kw>
<doc>Requires manual user verification</doc>
<timeout value="2 minutes"/>
<status status="PASS" start="2025-05-24T22:15:16.031816" elapsed="3.533688"/>
</test>
<test id="s1-s1-s1-s1-t5" name="Handle Failed Manual Verification" line="44">
<kw name="Run Keyword And Expect Error" owner="BuiltIn">
<kw name="Execute Manual Step" owner="Dialogs">
<msg time="2025-05-24T22:15:22.091220" level="INFO">{'message': 'This step should fail'}</msg>
<msg time="2025-05-24T22:15:22.091695" level="FAIL">Verification Failed</msg>
<arg>This step should fail</arg>
<arg>default_error=Verification Failed</arg>
<status status="FAIL" start="2025-05-24T22:15:19.567101" elapsed="2.526496">Verification Failed</status>
</kw>
<arg>*Verification Failed*</arg>
<arg>Dialogs.Execute Manual Step</arg>
<arg>This step should fail</arg>
<arg>default_error=Verification Failed</arg>
<doc>Runs the keyword and checks that the expected error occurred.</doc>
<status status="PASS" start="2025-05-24T22:15:19.566729" elapsed="2.527729"/>
</kw>
<doc>Tests error handling for manual steps</doc>
<timeout value="2 minutes"/>
<status status="PASS" start="2025-05-24T22:15:19.566043" elapsed="2.528971"/>
</test>
<test id="s1-s1-s1-s1-t6" name="Pause Execution For Physical Action" line="51">
<kw name="Pause Execution" owner="Dialogs">
<msg time="2025-05-24T22:15:25.637521" level="INFO">{'message': 'Please connect the network cables before continuing'}</msg>
<arg>Please connect the network cables before continuing</arg>
<status status="PASS" start="2025-05-24T22:15:22.098155" elapsed="3.539861"/>
</kw>
<doc>Pauses test for physical interaction</doc>
<timeout value="2 minutes"/>
<status status="PASS" start="2025-05-24T22:15:22.096635" elapsed="3.542403"/>
</test>
<test id="s1-s1-s1-s1-t7" name="Process Complex Form Submission" line="56">
<kw name="Execute Custom Step" owner="Dialogs">
<msg time="2025-05-24T22:15:58.948697" level="INFO">{'message': 'Custom Step', 'step': 'complex_form'}</msg>
<var>${form_response}</var>
<arg>step=complex_form</arg>
<status status="FAIL" start="2025-05-24T22:15:25.642647" elapsed="33.306419">Execution terminated by signal</status>
</kw>
<kw name="Should Contain" owner="BuiltIn">
<arg>${form_response}</arg>
<arg>SUCCESS</arg>
<arg>Form submission failed</arg>
<doc>Fails if ``container`` does not contain ``item`` one or more times.</doc>
<status status="NOT RUN" start="2025-05-24T22:15:58.949957" elapsed="0.000271"/>
</kw>
<kw name="Log To Console" owner="BuiltIn">
<arg>Form processing result: ${form_response}</arg>
<doc>Logs the given message to the console.</doc>
<status status="NOT RUN" start="2025-05-24T22:15:58.950630" elapsed="0.000447"/>
</kw>
<doc>Tests custom form handling</doc>
<timeout value="2 minutes"/>
<status status="FAIL" start="2025-05-24T22:15:25.640760" elapsed="33.310895">Execution terminated by signal</status>
</test>
<kw name="Close" owner="Dialogs" type="TEARDOWN">
<status status="PASS" start="2025-05-24T22:15:58.953577" elapsed="1.007404"/>
</kw>
<doc>Test suite demonstrating web dialogs interaction
Covers user input collection, selections, and manual verification</doc>
<status status="FAIL" start="2025-05-24T22:14:26.315168" elapsed="93.646147"/>
</suite>
<status status="FAIL" start="2025-05-24T22:14:26.312772" elapsed="93.653190"/>
</suite>
<status status="FAIL" start="2025-05-24T22:14:26.310469" elapsed="93.657997"/>
</suite>
<status status="FAIL" start="2025-05-24T22:14:26.285804" elapsed="93.685619"/>
</suite>
<statistics>
<total>
<stat pass="6" fail="1" skip="0">All Tests</stat>
</total>
<tag>
</tag>
<suite>
<stat name="Robotframework-Webdialogs" id="s1" pass="6" fail="1" skip="0">Robotframework-Webdialogs</stat>
<stat name="Example" id="s1-s1" pass="6" fail="1" skip="0">Robotframework-Webdialogs.Example</stat>
<stat name="Test" id="s1-s1-s1" pass="6" fail="1" skip="0">Robotframework-Webdialogs.Example.Test</stat>
<stat name="Main" id="s1-s1-s1-s1" pass="6" fail="1" skip="0">Robotframework-Webdialogs.Example.Test.Main</stat>
</suite>
</statistics>
<errors>
</errors>
</robot>
